<?xml version="1.0" encoding="UTF-8"?>
<!-- Generated by org.testng.reporters.JUnitXMLReporter -->
<testsuite ignored="0" hostname="DESKTOP-CMS2696" failures="0" tests="8" name="Default test" time="0.256" errors="0" timestamp="2022-08-26T18:12:58 IST">
  <testcase classname="com.cira.testcases.authentication.loginTestCases" name="@BeforeTest setUp" time="-1.661517778326E9">
    <failure type="org.testng.TestNGException" message="
Parameter &amp;apos;browser&amp;apos; is required by BeforeTest on method setUp but has not been marked @Optional or defined
in C:\Users\Dell\AppData\Local\Temp\testng-eclipse-1847396174\testng-customsuite.xml">
      <![CDATA[org.testng.TestNGException: 
Parameter 'browser' is required by BeforeTest on method setUp but has not been marked @Optional or defined
in C:\Users\Dell\AppData\Local\Temp\testng-eclipse-1847396174\testng-customsuite.xml
at org.testng.internal.Parameters.createParams(Parameters.java:267)
at org.testng.internal.Parameters.createParametersForMethod(Parameters.java:355)
at org.testng.internal.Parameters.createParameters(Parameters.java:684)
at org.testng.internal.Parameters.createConfigurationParameters(Parameters.java:166)
at org.testng.internal.invokers.ConfigInvoker.invokeConfigurations(ConfigInvoker.java:277)
at org.testng.TestRunner.invokeTestConfigurations(TestRunner.java:643)
at org.testng.TestRunner.beforeRun(TestRunner.java:632)
at org.testng.TestRunner.run(TestRunner.java:594)
at org.testng.SuiteRunner.runTest(SuiteRunner.java:433)
at org.testng.SuiteRunner.runSequentially(SuiteRunner.java:427)
at org.testng.SuiteRunner.privateRun(SuiteRunner.java:387)
at org.testng.SuiteRunner.run(SuiteRunner.java:330)
at org.testng.SuiteRunnerWorker.runSuite(SuiteRunnerWorker.java:52)
at org.testng.SuiteRunnerWorker.run(SuiteRunnerWorker.java:95)
at org.testng.TestNG.runSuitesSequentially(TestNG.java:1256)
at org.testng.TestNG.runSuitesLocally(TestNG.java:1176)
at org.testng.TestNG.runSuites(TestNG.java:1099)
at org.testng.TestNG.run(TestNG.java:1067)
at org.testng.remote.AbstractRemoteTestNG.run(AbstractRemoteTestNG.java:115)
at org.testng.remote.RemoteTestNG.initAndRun(RemoteTestNG.java:251)
at org.testng.remote.RemoteTestNG.main(RemoteTestNG.java:77)
]]>
    </failure>
  </testcase> <!-- @BeforeTest setUp -->
  <testcase classname="com.cira.testcases.authentication.loginTestCases" name="@AfterTest tearDown" time="0.0">
    <skipped/>
  </testcase> <!-- @AfterTest tearDown -->
  <testcase classname="com.cira.testcases.authentication.loginTestCases" name="ValidInputLoginTest" time="0.0">
    <skipped/>
  </testcase> <!-- ValidInputLoginTest -->
  <testcase classname="com.cira.testcases.authentication.loginTestCases" name="ValidInputLoginTestWithEnterKey" time="0.0">
    <skipped/>
  </testcase> <!-- ValidInputLoginTestWithEnterKey -->
  <testcase classname="com.cira.testcases.authentication.loginTestCases" name="clickBrowserBackTest" time="0.0">
    <skipped/>
  </testcase> <!-- clickBrowserBackTest -->
  <testcase classname="com.cira.testcases.authentication.loginTestCases" name="InvalidUserValidPassword" time="0.0">
    <skipped/>
  </testcase> <!-- InvalidUserValidPassword -->
  <testcase classname="com.cira.testcases.authentication.loginTestCases" name="validUserInvalidPassword" time="0.0">
    <skipped/>
  </testcase> <!-- validUserInvalidPassword -->
  <testcase classname="com.cira.testcases.authentication.loginTestCases" name="InValidInputLoginTest" time="0.0">
    <skipped/>
  </testcase> <!-- InValidInputLoginTest -->
  <testcase classname="com.cira.testcases.authentication.loginTestCases" name="ShowPasswordFunctionality" time="0.0">
    <skipped/>
  </testcase> <!-- ShowPasswordFunctionality -->
  <testcase classname="com.cira.testcases.authentication.loginTestCases" name="LoginWithEmptyField" time="0.0">
    <skipped/>
  </testcase> <!-- LoginWithEmptyField -->
</testsuite> <!-- Default test -->
